<?xml version="1.0" encoding="UTF-8"?>
<testsuites name="Mocha Tests" time="15.910" tests="1" failures="0">
  <testsuite name="Root Suite" timestamp="2022-10-02T19:44:59" tests="0" file="cypress/integration/AddFile.js" time="0.000" failures="0">
  </testsuite>
  <testsuite name="E2E - Adding file" timestamp="2022-10-02T19:44:59" tests="1" time="15.726" failures="0">
    <testcase name="E2E - Adding file Adding file to input" time="15.821" classname="Adding file to input">
    </testcase>
  </testsuite>
</testsuites>